[{"line":2,"elements":[{"start_timestamp":"2024-04-05T09:46:57.558Z","before":[{"result":{"error_message":"org.openqa.selenium.SessionNotCreatedException: Could not start a new session. Response code 500. Message: An unknown server-side error occurred while processing the command. Original error: The application at '/Users/hakan/IdeaProjects/e2e_overkiz/src/test/resources/Apps/null' does not exist or is not accessible \nHost info: host: 'MBP-de-macbook.lan', ip: '2001:861:42c0:bf00:417c:56f4:f96d:a901%en0'\nBuild info: version: '4.11.0', revision: '040bc5406b'\nSystem info: os.name: 'Mac OS X', os.arch: 'x86_64', os.version: '14.4.1', java.version: '1.8.0_402'\nDriver info: io.appium.java_client.android.AndroidDriver\nCommand: [null, newSession {capabilities=[{appium:noReset=false, appium:newCommandTimeout=600, platformName=ANDROID, appium:deviceName=Samsung, appium:automationName=UiAutomator2, appium:platformVersion=10.0, appium:app=/Users/hakan/IdeaProjects/e2e_overkiz/src/test/resources/Apps/null}], desiredCapabilities=Capabilities {appium:app: /Users/hakan/IdeaProjects/e..., appium:automationName: UiAutomator2, appium:deviceName: Samsung, appium:newCommandTimeout: 600, appium:noReset: false, appium:platformVersion: 10.0, platformName: ANDROID}}]\nCapabilities {appium:app: /Users/hakan/IdeaProjects/e..., appium:automationName: UiAutomator2, appium:deviceName: Samsung, appium:newCommandTimeout: 600, appium:noReset: false, appium:platformVersion: 10.0, platformName: ANDROID}\n\tat org.openqa.selenium.remote.ProtocolHandshake.createSession(ProtocolHandshake.java:140)\n\tat sun.reflect.NativeMethodAccessorImpl.invoke0(Native Method)\n\tat sun.reflect.NativeMethodAccessorImpl.invoke(NativeMethodAccessorImpl.java:62)\n\tat sun.reflect.DelegatingMethodAccessorImpl.invoke(DelegatingMethodAccessorImpl.java:43)\n\tat java.lang.reflect.Method.invoke(Method.java:498)\n\tat io.appium.java_client.remote.AppiumProtocolHandshake.createSession(AppiumProtocolHandshake.java:133)\n\tat io.appium.java_client.remote.AppiumProtocolHandshake.createSession(AppiumProtocolHandshake.java:102)\n\tat io.appium.java_client.remote.AppiumCommandExecutor.createSession(AppiumCommandExecutor.java:182)\n\tat io.appium.java_client.remote.AppiumCommandExecutor.execute(AppiumCommandExecutor.java:250)\n\tat org.openqa.selenium.remote.RemoteWebDriver.execute(RemoteWebDriver.java:518)\n\tat io.appium.java_client.AppiumDriver.startSession(AppiumDriver.java:274)\n\tat org.openqa.selenium.remote.RemoteWebDriver.<init>(RemoteWebDriver.java:159)\n\tat io.appium.java_client.AppiumDriver.<init>(AppiumDriver.java:89)\n\tat io.appium.java_client.AppiumDriver.<init>(AppiumDriver.java:101)\n\tat io.appium.java_client.android.AndroidDriver.<init>(AndroidDriver.java:113)\n\tat utils.Driver.getDriver(Driver.java:44)\n\tat stepdefinitions.Hooks.setUpMobile(Hooks.java:25)\n","duration":1301000000,"status":"failed"},"match":{"location":"stepdefinitions.Hooks.setUpMobile()"}}],"line":5,"name":"Tentative de connexion avec succes","description":"","id":":-se-connecter-à-overkiz;tentative-de-connexion-avec-succes","after":[{"result":{"duration":73900000000,"status":"passed"},"match":{"location":"stepdefinitions.Hooks.afterScenario()"}}],"type":"scenario","keyword":"Scenario","steps":[{"result":{"duration":1000000,"status":"skipped"},"line":6,"name":"lutilisateur souhaite se connecter à l'application","match":{"location":"stepdefinitions.PageStepDefsAndroid.lutilisateurSouhaiteSeConnecterLApplication()"},"keyword":"Given "},{"result":{"status":"skipped"},"line":7,"name":"il accède à l'application Overkiz","match":{"location":"stepdefinitions.PageStepDefsAndroid.ilAccedeALApplicationOverkiz()"},"keyword":"When "},{"result":{"status":"skipped"},"line":8,"name":"utilisateur voit les champs \"Adresse E-mail\" And \"Mot de passe\" sur la page d'accueil","match":{"arguments":[{"val":"\"Adresse E-mail\"","offset":28},{"val":"\"Mot de passe\"","offset":49}],"location":"stepdefinitions.PageStepDefsAndroid.utilisateurVoitLesChampsAndSurLaPageDAccueil(java.lang.String,java.lang.String)"},"keyword":"And "},{"result":{"status":"skipped"},"line":9,"name":"l'utilisateur saisit ses informations de connexion","match":{"location":"stepdefinitions.PageStepDefsAndroid.lUtilisateurSaisitSesInformationsDeConnexion()"},"keyword":"Then "},{"result":{"status":"skipped"},"line":10,"name":"l'utilisateur se connecte à son compte","match":{"location":"stepdefinitions.PageStepDefsAndroid.lUtilisateurSeConnecteASonCompte()"},"keyword":"And "}],"tags":[{"name":"@Smoke"},{"name":"@APPSV2-1128"}]}],"name":": Se connecter à Overkiz","description":"","id":":-se-connecter-à-overkiz","keyword":"Feature","uri":"file:src/test/resources/features/OverkizAndroid.feature","tags":[{"name":"@Smoke","type":"Tag","location":{"line":1,"column":1}}]}]rs.ParentRunner$2.evaluate(ParentRunner.java:293)\n\tat org.junit.runners.ParentRunner$3.evaluate(ParentRunner.java:306)\n\tat org.junit.runners.ParentRunner.run(ParentRunner.java:413)\n\tat io.cucumber.junit.FeatureRunner.run(FeatureRunner.java:137)\n\tat io.cucumber.junit.Cucumber.runChild(Cucumber.java:196)\n\tat io.cucumber.junit.Cucumber.runChild(Cucumber.java:89)\n\tat org.junit.runners.ParentRunner$4.run(ParentRunner.java:331)\n\tat org.junit.runners.ParentRunner$1.schedule(ParentRunner.java:79)\n\tat org.junit.runners.ParentRunner.runChildren(ParentRunner.java:329)\n\tat org.junit.runners.ParentRunner.access$100(ParentRunner.java:66)\n\tat org.junit.runners.ParentRunner$2.evaluate(ParentRunner.java:293)\n\tat io.cucumber.core.runtime.CucumberExecutionContext.lambda$runFeatures$6(CucumberExecutionContext.java:148)\n\tat io.cucumber.core.runtime.CucumberExecutionContext.execute(CucumberExecutionContext.java:163)\n\tat io.cucumber.core.runtime.CucumberExecutionContext.runFeatures(CucumberExecutionContext.java:146)\n\tat io.cucumber.junit.Cucumber$StartAndFinishTestRun.evaluate(Cucumber.java:226)\n\tat org.junit.runners.ParentRunner$3.evaluate(ParentRunner.java:306)\n\tat org.junit.runners.ParentRunner.run(ParentRunner.java:413)\n\tat org.junit.runners.Suite.runChild(Suite.java:128)\n\tat org.junit.runners.Suite.runChild(Suite.java:27)\n\tat org.junit.runners.ParentRunner$4.run(ParentRunner.java:331)\n\tat org.junit.runners.ParentRunner$1.schedule(ParentRunner.java:79)\n\tat org.junit.runners.ParentRunner.runChildren(ParentRunner.java:329)\n\tat org.junit.runners.ParentRunner.access$100(ParentRunner.java:66)\n\tat org.junit.runners.ParentRunner$2.evaluate(ParentRunner.java:293)\n\tat org.junit.runners.ParentRunner$3.evaluate(ParentRunner.java:306)\n\tat org.junit.runners.ParentRunner.run(ParentRunner.java:413)\n\tat org.junit.runner.JUnitCore.run(JUnitCore.java:137)\n\tat org.junit.runner.JUnitCore.run(JUnitCore.java:115)\n\tat org.junit.runner.JUnitCore.run(JUnitCore.java:105)\n\tat org.junit.runner.JUnitCore.run(JUnitCore.java:94)\n\tat stepdefinitions.Hooks.runTestRunner(Hooks.java:47)\n\tat stepdefinitions.Hooks.afterScenario(Hooks.java:41)\n\tat sun.reflect.NativeMethodAccessorImpl.invoke0(Native Method)\n\tat sun.reflect.NativeMethodAccessorImpl.invoke(NativeMethodAccessorImpl.java:62)\n\tat sun.reflect.DelegatingMethodAccessorImpl.invoke(DelegatingMethodAccessorImpl.java:43)\n\tat java.lang.reflect.Method.invoke(Method.java:498)\n\tat io.cucumber.java.Invoker.doInvoke(Invoker.java:66)\n\tat io.cucumber.java.Invoker.invoke(Invoker.java:24)\n\tat io.cucumber.java.AbstractGlueDefinition.invokeMethod(AbstractGlueDefinition.java:47)\n\tat io.cucumber.java.JavaHookDefinition.execute(JavaHookDefinition.java:64)\n\tat io.cucumber.core.runner.CoreHookDefinition.execute(CoreHookDefinition.java:46)\n\tat io.cucumber.core.runner.HookDefinitionMatch.runStep(HookDefinitionMatch.java:21)\n\tat io.cucumber.core.runner.ExecutionMode$1.execute(ExecutionMode.java:10)\n\tat io.cucumber.core.runner.TestStep.executeStep(TestStep.java:84)\n\tat io.cucumber.core.runner.TestStep.run(TestStep.java:56)\n\tat io.cucumber.core.runner.TestCase.run(TestCase.java:90)\n\tat io.cucumber.core.runner.Runner.runPickle(Runner.java:75)\n\tat io.cucumber.junit.PickleRunners$NoStepDescriptions.lambda$run$0(PickleRunners.java:151)\n\tat io.cucumber.core.runtime.CucumberExecutionContext.lambda$runTestCase$5(CucumberExecutionContext.java:137)\n\tat io.cucumber.core.runtime.RethrowingThrowableCollector.executeAndThrow(RethrowingThrowableCollector.java:23)\n\tat io.cucumber.core.runtime.CucumberExecutionContext.runTestCase(CucumberExecutionContext.java:137)\n\tat io.cucumber.junit.PickleRunners$NoStepDescriptions.run(PickleRunners.java:148)\n\tat io.cucumber.junit.FeatureRunner.runChild(FeatureRunner.java:144)\n\tat io.cucumber.junit.FeatureRunner.runChild(FeatureRunner.java:28)\n\tat org.junit.runners.ParentRunner$4.run(ParentRunner.java:331)\n\tat org.junit.runners.ParentRunner$1.schedule(ParentRunner.java:79)\n\tat org.junit.runners.ParentRunner.runChildren(ParentRunner.java:329)\n\tat org.junit.runners.ParentRunner.access$100(ParentRunner.java:66)\n\tat org.junit.runners.ParentRunner$2.evaluate(ParentRunner.java:293)\n\tat org.junit.runners.ParentRunner$3.evaluate(ParentRunner.java:306)\n\tat org.junit.runners.ParentRunner.run(ParentRunner.java:413)\n\tat io.cucumber.junit.FeatureRunner.run(FeatureRunner.java:137)\n\tat io.cucumber.junit.Cucumber.runChild(Cucumber.java:196)\n\tat io.cucumber.junit.Cucumber.runChild(Cucumber.java:89)\n\tat org.junit.runners.ParentRunner$4.run(ParentRunner.java:331)\n\tat org.junit.runners.ParentRunner$1.schedule(ParentRunner.java:79)\n\tat org.junit.runners.ParentRunner.runChildren(ParentRunner.java:329)\n\tat org.junit.runners.ParentRunner.access$100(ParentRunner.java:66)\n\tat org.junit.runners.ParentRunner$2.evaluate(ParentRunner.java:293)\n\tat io.cucumber.core.runtime.CucumberExecutionContext.lambda$runFeatures$6(CucumberExecutionContext.java:148)\n\tat io.cucumber.core.runtime.CucumberExecutionContext.execute(CucumberExecutionContext.java:163)\n\tat io.cucumber.core.runtime.CucumberExecutionContext.runFeatures(CucumberExecutionContext.java:146)\n\tat io.cucumber.junit.Cucumber$StartAndFinishTestRun.evaluate(Cucumber.java:226)\n\tat org.junit.runners.ParentRunner$3.evaluate(ParentRunner.java:306)\n\tat org.junit.runners.ParentRunner.run(ParentRunner.java:413)\n\tat org.junit.runners.Suite.runChild(Suite.java:128)\n\tat org.junit.runners.Suite.runChild(Suite.java:27)\n\tat org.junit.runners.ParentRunner$4.run(ParentRunner.java:331)\n\tat org.junit.runners.ParentRunner$1.schedule(ParentRunner.java:79)\n\tat org.junit.runners.ParentRunner.runChildren(ParentRunner.java:329)\n\tat org.junit.runners.ParentRunner.access$100(ParentRunner.java:66)\n\tat org.junit.runners.ParentRunner$2.evaluate(ParentRunner.java:293)\n\tat org.junit.runners.ParentRunner$3.evaluate(ParentRunner.java:306)\n\tat org.junit.runners.ParentRunner.run(ParentRunner.java:413)\n\tat org.junit.runner.JUnitCore.run(JUnitCore.java:137)\n\tat org.junit.runner.JUnitCore.run(JUnitCore.java:115)\n\tat org.junit.runner.JUnitCore.run(JUnitCore.java:105)\n\tat org.junit.runner.JUnitCore.run(JUnitCore.java:94)\n\tat stepdefinitions.Hooks.runTestRunner(Hooks.java:47)\n\tat stepdefinitions.Hooks.afterScenario(Hooks.java:41)\n\tat sun.reflect.NativeMethodAccessorImpl.invoke0(Native Method)\n\tat sun.reflect.NativeMethodAccessorImpl.invoke(NativeMethodAccessorImpl.java:62)\n\tat sun.reflect.DelegatingMethodAccessorImpl.invoke(DelegatingMethodAccessorImpl.java:43)\n\tat java.lang.reflect.Method.invoke(Method.java:498)\n\tat io.cucumber.java.Invoker.doInvoke(Invoker.java:66)\n\tat io.cucumber.java.Invoker.invoke(Invoker.java:24)\n\tat io.cucumber.java.AbstractGlueDefinition.invokeMethod(AbstractGlueDefinition.java:47)\n\tat io.cucumber.java.JavaHookDefinition.execute(JavaHookDefinition.java:64)\n\tat io.cucumber.core.runner.CoreHookDefinition.execute(CoreHookDefinition.java:46)\n\tat io.cucumber.core.runner.HookDefinitionMatch.runStep(HookDefinitionMatch.java:21)\n\tat io.cucumber.core.runner.ExecutionMode$1.execute(ExecutionMode.java:10)\n\tat io.cucumber.core.runner.TestStep.executeStep(TestStep.java:84)\n\tat io.cucumber.core.runner.TestStep.run(TestStep.java:56)\n\tat io.cucumber.core.runner.TestCase.run(TestCase.java:90)\n\tat io.cucumber.core.runner.Runner.runPickle(Runner.java:75)\n\tat io.cucumber.junit.PickleRunners$NoStepDescriptions.lambda$run$0(PickleRunners.java:151)\n\tat io.cucumber.core.runtime.CucumberExecutionContext.lambda$runTestCase$5(CucumberExecutionContext.java:137)\n\tat io.cucumber.core.runtime.RethrowingThrowableCollector.executeAndThrow(RethrowingThrowableCollector.java:23)\n\tat io.cucumber.core.runtime.CucumberExecutionContext.runTestCase(CucumberExecutionContext.java:137)\n\tat io.cucumber.junit.PickleRunners$NoStepDescriptions.run(PickleRunners.java:148)\n\tat io.cucumber.junit.FeatureRunner.runChild(FeatureRunner.java:144)\n\tat io.cucumber.junit.FeatureRunner.runChild(FeatureRunner.java:28)\n\tat org.junit.runners.ParentRunner$4.run(ParentRunner.java:331)\n\tat org.junit.runners.ParentRunner$1.schedule(ParentRunner.java:79)\n\tat org.junit.runners.ParentRunner.runChildren(ParentRunner.java:329)\n\tat org.junit.runners.ParentRunner.access$100(ParentRunner.java:66)\n\tat org.junit.runners.ParentRunner$2.evaluate(ParentRunner.java:293)\n\tat org.junit.runners.ParentRunner$3.evaluate(ParentRunner.java:306)\n\tat org.junit.runners.ParentRunner.run(ParentRunner.java:413)\n\tat io.cucumber.junit.FeatureRunner.run(FeatureRunner.java:137)\n\tat io.cucumber.junit.Cucumber.runChild(Cucumber.java:196)\n\tat io.cucumber.junit.Cucumber.runChild(Cucumber.java:89)\n\tat org.junit.runners.ParentRunner$4.run(ParentRunner.java:331)\n\tat org.junit.runners.ParentRunner$1.schedule(ParentRunner.java:79)\n\tat org.junit.runners.ParentRunner.runChildren(ParentRunner.java:329)\n\tat org.junit.runners.ParentRunner.access$100(ParentRunner.java:66)\n\tat org.junit.runners.ParentRunner$2.evaluate(ParentRunner.java:293)\n\tat io.cucumber.core.runtime.CucumberExecutionContext.lambda$runFeatures$6(CucumberExecutionContext.java:148)\n\tat io.cucumber.core.runtime.CucumberExecutionContext.execute(CucumberExecutionContext.java:163)\n\tat io.cucumber.core.runtime.CucumberExecutionContext.runFeatures(CucumberExecutionContext.java:146)\n\tat io.cucumber.junit.Cucumber$StartAndFinishTestRun.evaluate(Cucumber.java:226)\n\tat org.junit.runners.ParentRunner$3.evaluate(ParentRunner.java:306)\n\tat org.junit.runners.ParentRunner.run(ParentRunner.java:413)\n\tat org.junit.runner.JUnitCore.run(JUnitCore.java:137)\n\tat com.intellij.junit4.JUnit4IdeaTestRunner.startRunnerWithArgs(JUnit4IdeaTestRunner.java:69)\n\tat com.intellij.rt.junit.IdeaTestRunner$Repeater$1.execute(IdeaTestRunner.java:38)\n\tat com.intellij.rt.execution.junit.TestsRepeater.repeat(TestsRepeater.java:11)\n\tat com.intellij.rt.junit.IdeaTestRunner$Repeater.startRunnerWithArgs(IdeaTestRunner.java:35)\n\tat com.intellij.rt.junit.JUnitStarter.prepareStreamsAndStart(JUnitStarter.java:232)\n\tat com.intellij.rt.junit.JUnitStarter.main(JUnitStarter.java:55)\nCaused by: org.openqa.selenium.NoSuchElementException: Cannot locate an element using By.chained({AppiumBy.id: com.overkiz.kizconnect:id/tv_title})\nFor documentation on this error, please visit: https://www.selenium.dev/documentation/webdriver/troubleshooting/errors#no-such-element-exception\nBuild info: version: '4.11.0', revision: '040bc5406b'\nSystem info: os.name: 'Mac OS X', os.arch: 'x86_64', os.version: '14.4.1', java.version: '1.8.0_402'\nDriver info: driver.version: RemoteWebDriver\n\tat io.appium.java_client.pagefactory.bys.builder.ByChained.findElement(ByChained.java:77)\n\tat org.openqa.selenium.remote.ElementLocation$ElementFinder$1.findElement(ElementLocation.java:139)\n\tat org.openqa.selenium.remote.ElementLocation.findElement(ElementLocation.java:59)\n\tat org.openqa.selenium.remote.RemoteWebDriver.findElement(RemoteWebDriver.java:355)\n\tat org.openqa.selenium.remote.RemoteWebDriver.findElement(RemoteWebDriver.java:349)\n\tat io.appium.java_client.pagefactory.bys.ContentMappedBy.findElement(ContentMappedBy.java:50)\n\tat org.openqa.selenium.remote.ElementLocation$ElementFinder$1.findElement(ElementLocation.java:139)\n\tat org.openqa.selenium.remote.ElementLocation.findElement(ElementLocation.java:59)\n\tat org.openqa.selenium.remote.RemoteWebDriver.findElement(RemoteWebDriver.java:355)\n\tat org.openqa.selenium.remote.RemoteWebDriver.findElement(RemoteWebDriver.java:349)\n\tat io.appium.java_client.pagefactory.AppiumElementLocator.lambda$findElement$0(AppiumElementLocator.java:119)\n\tat io.appium.java_client.pagefactory.AppiumElementLocator$WaitingFunction.apply(AppiumElementLocator.java:171)\n\tat io.appium.java_client.pagefactory.AppiumElementLocator$WaitingFunction.apply(AppiumElementLocator.java:164)\n\tat org.openqa.selenium.support.ui.FluentWait.until(FluentWait.java:205)\n\t... 172 more\n","duration":15089000000,"status":"failed"},"line":8,"name":"utilisateur voit les champs \"Adresse E-mail\" And \"Mot de passe\" sur la page d'accueil","match":{"arguments":[{"val":"\"Adresse E-mail\"","offset":28},{"val":"\"Mot de passe\"","offset":49}],"location":"stepdefinitions.PageStepDefsAndroid.utilisateurVoitLesChampsAndSurLaPageDAccueil(java.lang.String,java.lang.String)"},"keyword":"And "},{"result":{"status":"skipped"},"line":9,"name":"l'utilisateur saisit ses informations de connexion","match":{"location":"stepdefinitions.PageStepDefsAndroid.lUtilisateurSaisitSesInformationsDeConnexion()"},"keyword":"Then "},{"result":{"status":"skipped"},"line":10,"name":"l'utilisateur se connecte à son compte","match":{"location":"stepdefinitions.PageStepDefsAndroid.lUtilisateurSeConnecteASonCompte()"},"keyword":"And "}],"tags":[{"name":"@Smoke"},{"name":"@APPSV2-1128"}]}],"name":": Se connecter à Overkiz","description":"","id":":-se-connecter-à-overkiz","keyword":"Feature","uri":"file:src/test/resources/features/OverkizAndroid.feature","tags":[{"name":"@Smoke","type":"Tag","location":{"line":1,"column":1}}]}]org.junit.runners.ParentRunner.access$100(ParentRunner.java:66)\n\tat org.junit.runners.ParentRunner$2.evaluate(ParentRunner.java:293)\n\tat io.cucumber.core.runtime.CucumberExecutionContext.lambda$runFeatures$6(CucumberExecutionContext.java:148)\n\tat io.cucumber.core.runtime.CucumberExecutionContext.execute(CucumberExecutionContext.java:163)\n\tat io.cucumber.core.runtime.CucumberExecutionContext.runFeatures(CucumberExecutionContext.java:146)\n\tat io.cucumber.junit.Cucumber$StartAndFinishTestRun.evaluate(Cucumber.java:226)\n\tat org.junit.runners.ParentRunner$3.evaluate(ParentRunner.java:306)\n\tat org.junit.runners.ParentRunner.run(ParentRunner.java:413)\n\tat org.junit.runner.JUnitCore.run(JUnitCore.java:137)\n\tat com.intellij.junit4.JUnit4IdeaTestRunner.startRunnerWithArgs(JUnit4IdeaTestRunner.java:69)\n\tat com.intellij.rt.junit.IdeaTestRunner$Repeater$1.execute(IdeaTestRunner.java:38)\n\tat com.intellij.rt.execution.junit.TestsRepeater.repeat(TestsRepeater.java:11)\n\tat com.intellij.rt.junit.IdeaTestRunner$Repeater.startRunnerWithArgs(IdeaTestRunner.java:35)\n\tat com.intellij.rt.junit.JUnitStarter.prepareStreamsAndStart(JUnitStarter.java:232)\n\tat com.intellij.rt.junit.JUnitStarter.main(JUnitStarter.java:55)\nCaused by: org.openqa.selenium.NoSuchElementException: Cannot locate an element using By.chained({AppiumBy.id: com.overkiz.kizconnect:id/tv_title})\nFor documentation on this error, please visit: https://www.selenium.dev/documentation/webdriver/troubleshooting/errors#no-such-element-exception\nBuild info: version: '4.11.0', revision: '040bc5406b'\nSystem info: os.name: 'Mac OS X', os.arch: 'x86_64', os.version: '14.4.1', java.version: '1.8.0_402'\nDriver info: driver.version: RemoteWebDriver\n\tat io.appium.java_client.pagefactory.bys.builder.ByChained.findElement(ByChained.java:77)\n\tat org.openqa.selenium.remote.ElementLocation$ElementFinder$1.findElement(ElementLocation.java:139)\n\tat org.openqa.selenium.remote.ElementLocation.findElement(ElementLocation.java:59)\n\tat org.openqa.selenium.remote.RemoteWebDriver.findElement(RemoteWebDriver.java:355)\n\tat org.openqa.selenium.remote.RemoteWebDriver.findElement(RemoteWebDriver.java:349)\n\tat io.appium.java_client.pagefactory.bys.ContentMappedBy.findElement(ContentMappedBy.java:50)\n\tat org.openqa.selenium.remote.ElementLocation$ElementFinder$1.findElement(ElementLocation.java:139)\n\tat org.openqa.selenium.remote.ElementLocation.findElement(ElementLocation.java:59)\n\tat org.openqa.selenium.remote.RemoteWebDriver.findElement(RemoteWebDriver.java:355)\n\tat org.openqa.selenium.remote.RemoteWebDriver.findElement(RemoteWebDriver.java:349)\n\tat io.appium.java_client.pagefactory.AppiumElementLocator.lambda$findElement$0(AppiumElementLocator.java:119)\n\tat io.appium.java_client.pagefactory.AppiumElementLocator$WaitingFunction.apply(AppiumElementLocator.java:171)\n\tat io.appium.java_client.pagefactory.AppiumElementLocator$WaitingFunction.apply(AppiumElementLocator.java:164)\n\tat org.openqa.selenium.support.ui.FluentWait.until(FluentWait.java:205)\n\t... 230 more\n","duration":15075000000,"status":"failed"},"line":8,"name":"utilisateur voit les champs \"Adresse E-mail\" And \"Mot de passe\" sur la page d'accueil","match":{"arguments":[{"val":"\"Adresse E-mail\"","offset":28},{"val":"\"Mot de passe\"","offset":49}],"location":"stepdefinitions.PageStepDefsAndroid.utilisateurVoitLesChampsAndSurLaPageDAccueil(java.lang.String,java.lang.String)"},"keyword":"And "},{"result":{"status":"skipped"},"line":9,"name":"l'utilisateur saisit ses informations de connexion","match":{"location":"stepdefinitions.PageStepDefsAndroid.lUtilisateurSaisitSesInformationsDeConnexion()"},"keyword":"Then "},{"result":{"status":"skipped"},"line":10,"name":"l'utilisateur se connecte à son compte","match":{"location":"stepdefinitions.PageStepDefsAndroid.lUtilisateurSeConnecteASonCompte()"},"keyword":"And "}],"tags":[{"name":"@Smoke"},{"name":"@APPSV2-1128"}]}],"name":": Se connecter à Overkiz","description":"","id":":-se-connecter-à-overkiz","keyword":"Feature","uri":"file:src/test/resources/features/OverkizAndroid.feature","tags":[{"name":"@Smoke","type":"Tag","location":{"line":1,"column":1}}]}]